<?xml version="1.0" encoding="UTF-8"?>
<testng-results skipped="0" failed="0" ignored="0" total="1" passed="1">
  <reporter-output>
  </reporter-output>
  <suite name="Default suite" duration-ms="57" started-at="2019-08-25T12:23:14Z" finished-at="2019-08-25T12:23:14Z">
    <groups>
    </groups>
    <test name="Default test" duration-ms="57" started-at="2019-08-25T12:23:14Z" finished-at="2019-08-25T12:23:14Z">
      <class name="check.TwoD">
        <test-method status="PASS" signature="hourglassSum()[pri:0, instance:check.TwoD@1832929]" name="hourglassSum" duration-ms="14" started-at="2019-08-25T12:23:14Z" finished-at="2019-08-25T12:23:14Z">
          <reporter-output>
          </reporter-output>
        </test-method> <!-- hourglassSum -->
      </class> <!-- check.TwoD -->
    </test> <!-- Default test -->
  </suite> <!-- Default suite -->
</testng-results>
